Arguments: 
  /usr/local/bin/node /usr/local/bin/yarn add canvas

PATH: 
  /Users/jiangwangui/Downloads/google-cloud-sdk/bin:/usr/local/bin:/usr/local/sbin:~/bin:/usr/bin:/usr/sbin:/bin:/sbin:/usr/X11R6/bin:/usr/local/rvm/bin:/Library/Java/JavaVirtualMachines/jdk1.8.0_172.jdk/Contents/Home::/platform-tools:/tools:/Library/Java/JavaVirtualMachines/jdk1.8.0_172.jdk/Contents/Home:/Library/Java/JavaVirtualMachines/jdk1.8.0_172.jdk/Contents/Home/bin

Yarn version: 
  1.7.0

Node version: 
  8.11.2

Platform: 
  darwin x64

Trace: 
  Error: ENOENT: no such file or directory, copyfile '/usr/local/share/Library/Caches/Yarn/v1/npm-is-fullwidth-code-point-2.0.0-a3b30a5c4f199183167aaab93beefae3ddfb654f/index.js' -> '/Users/jiangwangui/canvas/node_modules/wide-align/node_modules/is-fullwidth-code-point/index.js'

npm manifest: 
  {
    "dependencies": {
      "canvas": "^1.6.11"
    },
    "devDependencies": {
      "canvas": "^1.6.11",
      "node-gyp": "^3.8.0"
    }
  }

yarn manifest: 
  No manifest

Lockfile: 
  # THIS IS AN AUTOGENERATED FILE. DO NOT EDIT THIS FILE DIRECTLY.
  # yarn lockfile v1
  
  
  canvas@^1.6.11:
    version "1.6.11"
    resolved "http://registry.npm.taobao.org/canvas/download/canvas-1.6.11.tgz#c2d8bcf283281f19ded14fa163a111804522330d"
    dependencies:
      nan "^2.10.0"
  
  nan@^2.10.0:
    version "2.10.0"
    resolved "http://registry.npm.taobao.org/nan/download/nan-2.10.0.tgz#96d0cd610ebd58d4b4de9cc0c6828cda99c7548f"
